<?xml version="1.0" encoding="UTF-8"?>
<testng-results skipped="0" failed="0" total="1" passed="1">
  <reporter-output>
  </reporter-output>
  <suite name="ChaseBank Test on Browser" duration-ms="39936" started-at="2015-05-14T19:37:16Z" finished-at="2015-05-14T19:37:56Z">
    <groups>
    </groups>
    <test name="ChaseBank Pages" duration-ms="39936" started-at="2015-05-14T19:37:16Z" finished-at="2015-05-14T19:37:56Z">
      <class name="homepage.Header">
        <test-method status="PASS" signature="setUp(java.lang.Boolean, java.lang.String, java.lang.String, java.lang.String, java.lang.String, java.lang.String, java.lang.String)[pri:0, instance:homepage.Header@7a0ac6e3]" name="setUp" is-config="true" duration-ms="11374" started-at="2015-05-14T15:37:16Z" finished-at="2015-05-14T15:37:28Z">
          <params>
            <param index="0">
              <value>
                <![CDATA[false]]>
              </value>
            </param>
            <param index="1">
              <value>
                <![CDATA[rajib0078]]>
              </value>
            </param>
            <param index="2">
              <value>
                <![CDATA[e7d64913-3a8f-4ef4-8f2c-d4a694179e16]]>
              </value>
            </param>
            <param index="3">
              <value>
                <![CDATA[chrome]]>
              </value>
            </param>
            <param index="4">
              <value>
                <![CDATA[42]]>
              </value>
            </param>
            <param index="5">
              <value>
                <![CDATA[windows]]>
              </value>
            </param>
            <param index="6">
              <value>
                <![CDATA[https://www.chase.com]]>
              </value>
            </param>
          </params>
          <reporter-output>
          </reporter-output>
        </test-method> <!-- setUp -->
        <test-method status="PASS" signature="headerPage()[pri:0, instance:homepage.Header@7a0ac6e3]" name="headerPage" duration-ms="27065" started-at="2015-05-14T15:37:28Z" finished-at="2015-05-14T15:37:55Z">
          <reporter-output>
          </reporter-output>
        </test-method> <!-- headerPage -->
        <test-method status="PASS" signature="cleanUp()[pri:0, instance:homepage.Header@7a0ac6e3]" name="cleanUp" is-config="true" duration-ms="1464" started-at="2015-05-14T15:37:55Z" finished-at="2015-05-14T15:37:56Z">
          <reporter-output>
          </reporter-output>
        </test-method> <!-- cleanUp -->
      </class> <!-- homepage.Header -->
    </test> <!-- ChaseBank Pages -->
  </suite> <!-- ChaseBank Test on Browser -->
</testng-results>
